<?xml version="1.0" encoding="UTF-8"?>
<testng-results skipped="0" failed="0" total="1" passed="1">
  <reporter-output>
  </reporter-output>
  <suite name="Default suite" duration-ms="39" started-at="2017-02-04T11:54:26Z" finished-at="2017-02-04T11:54:26Z">
    <groups>
    </groups>
    <test name="Default test" duration-ms="39" started-at="2017-02-04T11:54:26Z" finished-at="2017-02-04T11:54:26Z">
      <class name="com.westconcomster.pageObjectRepo.TestNG">
        <test-method status="PASS" signature="f()[pri:0, instance:com.westconcomster.pageObjectRepo.TestNG@36d4b5c]" name="f" duration-ms="12" started-at="2017-02-04T17:24:26Z" finished-at="2017-02-04T17:24:26Z">
          <reporter-output>
          </reporter-output>
        </test-method> <!-- f -->
      </class> <!-- com.westconcomster.pageObjectRepo.TestNG -->
    </test> <!-- Default test -->
  </suite> <!-- Default suite -->
</testng-results>
